------- FILE cleanmem.asm LEVEL 1 PASS 1
      1  0000					      processor	6502
      2  0000 ????
      3  0000 ????				      seg	code
      4  f000					      org	$F000	; Define the code origin at $F000
      5  f000
      6  f000				   Start
      7  f000		       78		      sei		; Disable interrupts
      8  f001		       d8		      cld		; Disable the BCD decimal math mode
      9  f002		       a2 ff		      ldx	#$FF	; Loads the X register with #$FF
     10  f004		       9a		      txs		; Transfer the X register to the (S)tack pointer
     11  f005
     12  f005							;;;;;;;;;;;;;;;;;;;;;;;;;;;;;;;;;;;;;;;;;;;;;;;;;;;;;;;;;;;;;;;;
     13  f005							; Clears the Page Zero region ($00 to $FF)
     14  f005							; meaning the entire RAM and also the entire TIA registers
     15  f005							;;;;;;;;;;;;;;;;;;;;;;;;;;;;;;;;;;;;;;;;;;;;;;;;;;;;;;;;;;;;;;;;
     16  f005
     17  f005		       a9 00		      lda	#0	; A = 0
     18  f007		       a2 ff		      ldx	#$FF	; X = #$FF
     19  f009
     20  f009				   MemLoop
     21  f009		       95 00		      sta	$0,X	; Store the value of A inside memory address $0 + X
     22  f00b		       ca		      dex		; X--
     23  f00c		       d0 fb		      bne	MemLoop	; Loop  until X is equal to zero  (z-flag is set)
     24  f00e
     25  fffc					      org	$FFFC
     26  fffc		       00 f0		      .word.w	Start	; Reset vector at $FFFC (Where the program starts)
     27  fffe		       00 f0		      .word.w	Start	; making sure there are 2
